<?xml version="1.0" encoding="UTF-8"?>
<!-- Generated by org.testng.reporters.JUnitReportReporter -->
<testsuite skipped="0" hostname="priyapavan" name="TestLayer.Programone" tests="4" failures="0" timestamp="15 Aug 2020 06:35:59 GMT" time="59.440" errors="0">
  <testcase name="SystemAdmin" time="14.548" classname="TestLayer.Programone"/>
  <testcase name="ESSUser" time="15.209" classname="TestLayer.Programone"/>
  <testcase name="firstLevelSupervisor" time="8.947" classname="TestLayer.Programone"/>
  <testcase name="Admin" time="20.736" classname="TestLayer.Programone"/>
</testsuite> <!-- TestLayer.Programone -->
